Analysis & Synthesis report for pattern_recognizer
Wed Feb 10 10:17:29 2021
Quartus Prime Version 18.1.0 Build 625 09/12/2018 SJ Lite Edition


---------------------
; Table of Contents ;
---------------------
  1. Legal Notice
  2. Analysis & Synthesis Summary
  3. Analysis & Synthesis Settings
  4. Parallel Compilation
  5. Analysis & Synthesis Source Files Read
  6. Analysis & Synthesis Resource Usage Summary
  7. Analysis & Synthesis Resource Utilization by Entity
  8. State Machine - |pattern_recognizer|State
  9. General Register Statistics
 10. Parameter Settings for Inferred Entity Instance: lpm_divide:Mod0
 11. Parameter Settings for Inferred Entity Instance: lpm_divide:Div0
 12. Parameter Settings for Inferred Entity Instance: lpm_divide:Mod1
 13. Post-Synthesis Netlist Statistics for Top Partition
 14. Elapsed Time Per Partition
 15. Analysis & Synthesis Messages



----------------
; Legal Notice ;
----------------
Copyright (C) 2018  Intel Corporation. All rights reserved.
Your use of Intel Corporation's design tools, logic functions 
and other software and tools, and its AMPP partner logic 
functions, and any output files from any of the foregoing 
(including device programming or simulation files), and any 
associated documentation or information are expressly subject 
to the terms and conditions of the Intel Program License 
Subscription Agreement, the Intel Quartus Prime License Agreement,
the Intel FPGA IP License Agreement, or other applicable license
agreement, including, without limitation, that your use is for
the sole purpose of programming logic devices manufactured by
Intel and sold by Intel or its authorized distributors.  Please
refer to the applicable agreement for further details.



+-------------------------------------------------------------------------------+
; Analysis & Synthesis Summary                                                  ;
+---------------------------------+---------------------------------------------+
; Analysis & Synthesis Status     ; Successful - Wed Feb 10 10:17:29 2021       ;
; Quartus Prime Version           ; 18.1.0 Build 625 09/12/2018 SJ Lite Edition ;
; Revision Name                   ; pattern_recognizer                          ;
; Top-level Entity Name           ; pattern_recognizer                          ;
; Family                          ; Cyclone V                                   ;
; Logic utilization (in ALMs)     ; N/A                                         ;
; Total registers                 ; 27                                          ;
; Total pins                      ; 17                                          ;
; Total virtual pins              ; 0                                           ;
; Total block memory bits         ; 0                                           ;
; Total DSP Blocks                ; 0                                           ;
; Total HSSI RX PCSs              ; 0                                           ;
; Total HSSI PMA RX Deserializers ; 0                                           ;
; Total HSSI TX PCSs              ; 0                                           ;
; Total HSSI PMA TX Serializers   ; 0                                           ;
; Total PLLs                      ; 0                                           ;
; Total DLLs                      ; 0                                           ;
+---------------------------------+---------------------------------------------+


+---------------------------------------------------------------------------------------------------------------------------+
; Analysis & Synthesis Settings                                                                                             ;
+---------------------------------------------------------------------------------+--------------------+--------------------+
; Option                                                                          ; Setting            ; Default Value      ;
+---------------------------------------------------------------------------------+--------------------+--------------------+
; Device                                                                          ; 5CSEMA5F31C6       ;                    ;
; Top-level entity name                                                           ; pattern_recognizer ; pattern_recognizer ;
; Family name                                                                     ; Cyclone V          ; Cyclone V          ;
; Use smart compilation                                                           ; Off                ; Off                ;
; Enable parallel Assembler and Timing Analyzer during compilation                ; On                 ; On                 ;
; Enable compact report table                                                     ; Off                ; Off                ;
; Restructure Multiplexers                                                        ; Auto               ; Auto               ;
; MLAB Add Timing Constraints For Mixed-Port Feed-Through Mode Setting Don't Care ; Off                ; Off                ;
; Create Debugging Nodes for IP Cores                                             ; Off                ; Off                ;
; Preserve fewer node names                                                       ; On                 ; On                 ;
; Intel FPGA IP Evaluation Mode                                                   ; Enable             ; Enable             ;
; Verilog Version                                                                 ; Verilog_2001       ; Verilog_2001       ;
; VHDL Version                                                                    ; VHDL_1993          ; VHDL_1993          ;
; State Machine Processing                                                        ; Auto               ; Auto               ;
; Safe State Machine                                                              ; Off                ; Off                ;
; Extract Verilog State Machines                                                  ; On                 ; On                 ;
; Extract VHDL State Machines                                                     ; On                 ; On                 ;
; Ignore Verilog initial constructs                                               ; Off                ; Off                ;
; Iteration limit for constant Verilog loops                                      ; 5000               ; 5000               ;
; Iteration limit for non-constant Verilog loops                                  ; 250                ; 250                ;
; Add Pass-Through Logic to Inferred RAMs                                         ; On                 ; On                 ;
; Infer RAMs from Raw Logic                                                       ; On                 ; On                 ;
; Parallel Synthesis                                                              ; On                 ; On                 ;
; DSP Block Balancing                                                             ; Auto               ; Auto               ;
; NOT Gate Push-Back                                                              ; On                 ; On                 ;
; Power-Up Don't Care                                                             ; On                 ; On                 ;
; Remove Redundant Logic Cells                                                    ; Off                ; Off                ;
; Remove Duplicate Registers                                                      ; On                 ; On                 ;
; Ignore CARRY Buffers                                                            ; Off                ; Off                ;
; Ignore CASCADE Buffers                                                          ; Off                ; Off                ;
; Ignore GLOBAL Buffers                                                           ; Off                ; Off                ;
; Ignore ROW GLOBAL Buffers                                                       ; Off                ; Off                ;
; Ignore LCELL Buffers                                                            ; Off                ; Off                ;
; Ignore SOFT Buffers                                                             ; On                 ; On                 ;
; Limit AHDL Integers to 32 Bits                                                  ; Off                ; Off                ;
; Optimization Technique                                                          ; Balanced           ; Balanced           ;
; Carry Chain Length                                                              ; 70                 ; 70                 ;
; Auto Carry Chains                                                               ; On                 ; On                 ;
; Auto Open-Drain Pins                                                            ; On                 ; On                 ;
; Perform WYSIWYG Primitive Resynthesis                                           ; Off                ; Off                ;
; Auto ROM Replacement                                                            ; On                 ; On                 ;
; Auto RAM Replacement                                                            ; On                 ; On                 ;
; Auto DSP Block Replacement                                                      ; On                 ; On                 ;
; Auto Shift Register Replacement                                                 ; Auto               ; Auto               ;
; Allow Shift Register Merging across Hierarchies                                 ; Auto               ; Auto               ;
; Auto Clock Enable Replacement                                                   ; On                 ; On                 ;
; Strict RAM Replacement                                                          ; Off                ; Off                ;
; Allow Synchronous Control Signals                                               ; On                 ; On                 ;
; Force Use of Synchronous Clear Signals                                          ; Off                ; Off                ;
; Auto Resource Sharing                                                           ; Off                ; Off                ;
; Allow Any RAM Size For Recognition                                              ; Off                ; Off                ;
; Allow Any ROM Size For Recognition                                              ; Off                ; Off                ;
; Allow Any Shift Register Size For Recognition                                   ; Off                ; Off                ;
; Use LogicLock Constraints during Resource Balancing                             ; On                 ; On                 ;
; Ignore translate_off and synthesis_off directives                               ; Off                ; Off                ;
; Timing-Driven Synthesis                                                         ; On                 ; On                 ;
; Report Parameter Settings                                                       ; On                 ; On                 ;
; Report Source Assignments                                                       ; On                 ; On                 ;
; Report Connectivity Checks                                                      ; On                 ; On                 ;
; Ignore Maximum Fan-Out Assignments                                              ; Off                ; Off                ;
; Synchronization Register Chain Length                                           ; 3                  ; 3                  ;
; Power Optimization During Synthesis                                             ; Normal compilation ; Normal compilation ;
; HDL message level                                                               ; Level2             ; Level2             ;
; Suppress Register Optimization Related Messages                                 ; Off                ; Off                ;
; Number of Removed Registers Reported in Synthesis Report                        ; 5000               ; 5000               ;
; Number of Swept Nodes Reported in Synthesis Report                              ; 5000               ; 5000               ;
; Number of Inverted Registers Reported in Synthesis Report                       ; 100                ; 100                ;
; Clock MUX Protection                                                            ; On                 ; On                 ;
; Auto Gated Clock Conversion                                                     ; Off                ; Off                ;
; Block Design Naming                                                             ; Auto               ; Auto               ;
; SDC constraint protection                                                       ; Off                ; Off                ;
; Synthesis Effort                                                                ; Auto               ; Auto               ;
; Shift Register Replacement - Allow Asynchronous Clear Signal                    ; On                 ; On                 ;
; Pre-Mapping Resynthesis Optimization                                            ; Off                ; Off                ;
; Analysis & Synthesis Message Level                                              ; Medium             ; Medium             ;
; Disable Register Merging Across Hierarchies                                     ; Auto               ; Auto               ;
; Resource Aware Inference For Block RAM                                          ; On                 ; On                 ;
; Automatic Parallel Synthesis                                                    ; On                 ; On                 ;
; Partial Reconfiguration Bitstream ID                                            ; Off                ; Off                ;
+---------------------------------------------------------------------------------+--------------------+--------------------+


+------------------------------------------+
; Parallel Compilation                     ;
+----------------------------+-------------+
; Processors                 ; Number      ;
+----------------------------+-------------+
; Number detected on machine ; 6           ;
; Maximum allowed            ; 6           ;
;                            ;             ;
; Average used               ; 1.00        ;
; Maximum used               ; 6           ;
;                            ;             ;
; Usage by Processor         ; % Time Used ;
;     Processor 1            ; 100.0%      ;
;     Processors 2-6         ;   0.0%      ;
+----------------------------+-------------+


+-----------------------------------------------------------------------------------------------------------------------------------------------------------------------------------------------------------------+
; Analysis & Synthesis Source Files Read                                                                                                                                                                          ;
+----------------------------------+-----------------+------------------------------+-------------------------------------------------------------------------------------------------------------------+---------+
; File Name with User-Entered Path ; Used in Netlist ; File Type                    ; File Name with Absolute Path                                                                                      ; Library ;
+----------------------------------+-----------------+------------------------------+-------------------------------------------------------------------------------------------------------------------+---------+
; seven_segment_display.vhd        ; yes             ; User VHDL File               ; D:/NAS/School/Master/Embedded Systems/Design of Digital Systems/Lab/pattern_recognizer/seven_segment_display.vhd  ;         ;
; pattern_recognizer.vhd           ; yes             ; User VHDL File               ; D:/NAS/School/Master/Embedded Systems/Design of Digital Systems/Lab/pattern_recognizer/pattern_recognizer.vhd     ;         ;
; lpm_divide.tdf                   ; yes             ; Megafunction                 ; c:/intelfpga_lite/18.1/quartus/libraries/megafunctions/lpm_divide.tdf                                             ;         ;
; abs_divider.inc                  ; yes             ; Megafunction                 ; c:/intelfpga_lite/18.1/quartus/libraries/megafunctions/abs_divider.inc                                            ;         ;
; sign_div_unsign.inc              ; yes             ; Megafunction                 ; c:/intelfpga_lite/18.1/quartus/libraries/megafunctions/sign_div_unsign.inc                                        ;         ;
; aglobal181.inc                   ; yes             ; Megafunction                 ; c:/intelfpga_lite/18.1/quartus/libraries/megafunctions/aglobal181.inc                                             ;         ;
; db/lpm_divide_a2m.tdf            ; yes             ; Auto-Generated Megafunction  ; D:/NAS/School/Master/Embedded Systems/Design of Digital Systems/Lab/pattern_recognizer/db/lpm_divide_a2m.tdf      ;         ;
; db/sign_div_unsign_dkh.tdf       ; yes             ; Auto-Generated Megafunction  ; D:/NAS/School/Master/Embedded Systems/Design of Digital Systems/Lab/pattern_recognizer/db/sign_div_unsign_dkh.tdf ;         ;
; db/alt_u_div_0te.tdf             ; yes             ; Auto-Generated Megafunction  ; D:/NAS/School/Master/Embedded Systems/Design of Digital Systems/Lab/pattern_recognizer/db/alt_u_div_0te.tdf       ;         ;
; db/lpm_divide_4am.tdf            ; yes             ; Auto-Generated Megafunction  ; D:/NAS/School/Master/Embedded Systems/Design of Digital Systems/Lab/pattern_recognizer/db/lpm_divide_4am.tdf      ;         ;
; db/sign_div_unsign_akh.tdf       ; yes             ; Auto-Generated Megafunction  ; D:/NAS/School/Master/Embedded Systems/Design of Digital Systems/Lab/pattern_recognizer/db/sign_div_unsign_akh.tdf ;         ;
; db/alt_u_div_qse.tdf             ; yes             ; Auto-Generated Megafunction  ; D:/NAS/School/Master/Embedded Systems/Design of Digital Systems/Lab/pattern_recognizer/db/alt_u_div_qse.tdf       ;         ;
; db/lpm_divide_42m.tdf            ; yes             ; Auto-Generated Megafunction  ; D:/NAS/School/Master/Embedded Systems/Design of Digital Systems/Lab/pattern_recognizer/db/lpm_divide_42m.tdf      ;         ;
; db/sign_div_unsign_7kh.tdf       ; yes             ; Auto-Generated Megafunction  ; D:/NAS/School/Master/Embedded Systems/Design of Digital Systems/Lab/pattern_recognizer/db/sign_div_unsign_7kh.tdf ;         ;
; db/alt_u_div_kse.tdf             ; yes             ; Auto-Generated Megafunction  ; D:/NAS/School/Master/Embedded Systems/Design of Digital Systems/Lab/pattern_recognizer/db/alt_u_div_kse.tdf       ;         ;
+----------------------------------+-----------------+------------------------------+-------------------------------------------------------------------------------------------------------------------+---------+


+---------------------------------------------------------+
; Analysis & Synthesis Resource Usage Summary             ;
+---------------------------------------------+-----------+
; Resource                                    ; Usage     ;
+---------------------------------------------+-----------+
; Estimate of Logic utilization (ALMs needed) ; 71        ;
;                                             ;           ;
; Combinational ALUT usage for logic          ; 134       ;
;     -- 7 input functions                    ; 0         ;
;     -- 6 input functions                    ; 8         ;
;     -- 5 input functions                    ; 13        ;
;     -- 4 input functions                    ; 17        ;
;     -- <=3 input functions                  ; 96        ;
;                                             ;           ;
; Dedicated logic registers                   ; 27        ;
;                                             ;           ;
; I/O pins                                    ; 17        ;
;                                             ;           ;
; Total DSP Blocks                            ; 0         ;
;                                             ;           ;
; Maximum fan-out node                        ; clk~input ;
; Maximum fan-out                             ; 27        ;
; Total fan-out                               ; 538       ;
; Average fan-out                             ; 2.76      ;
+---------------------------------------------+-----------+


+------------------------------------------------------------------------------------------------------------------------------------------------------------------------------------------------------------------------------------------------------------------------------------------------------------+
; Analysis & Synthesis Resource Utilization by Entity                                                                                                                                                                                                                                                        ;
+----------------------------------------+---------------------+---------------------------+-------------------+------------+------+--------------+---------------------------------------------------------------------------------------------------------------------+---------------------+--------------+
; Compilation Hierarchy Node             ; Combinational ALUTs ; Dedicated Logic Registers ; Block Memory Bits ; DSP Blocks ; Pins ; Virtual Pins ; Full Hierarchy Name                                                                                                 ; Entity Name         ; Library Name ;
+----------------------------------------+---------------------+---------------------------+-------------------+------------+------+--------------+---------------------------------------------------------------------------------------------------------------------+---------------------+--------------+
; |pattern_recognizer                    ; 134 (41)            ; 27 (27)                   ; 0                 ; 0          ; 17   ; 0            ; |pattern_recognizer                                                                                                 ; pattern_recognizer  ; work         ;
;    |lpm_divide:Div0|                   ; 38 (0)              ; 0 (0)                     ; 0                 ; 0          ; 0    ; 0            ; |pattern_recognizer|lpm_divide:Div0                                                                                 ; lpm_divide          ; work         ;
;       |lpm_divide_4am:auto_generated|  ; 38 (0)              ; 0 (0)                     ; 0                 ; 0          ; 0    ; 0            ; |pattern_recognizer|lpm_divide:Div0|lpm_divide_4am:auto_generated                                                   ; lpm_divide_4am      ; work         ;
;          |sign_div_unsign_akh:divider| ; 38 (0)              ; 0 (0)                     ; 0                 ; 0          ; 0    ; 0            ; |pattern_recognizer|lpm_divide:Div0|lpm_divide_4am:auto_generated|sign_div_unsign_akh:divider                       ; sign_div_unsign_akh ; work         ;
;             |alt_u_div_qse:divider|    ; 38 (38)             ; 0 (0)                     ; 0                 ; 0          ; 0    ; 0            ; |pattern_recognizer|lpm_divide:Div0|lpm_divide_4am:auto_generated|sign_div_unsign_akh:divider|alt_u_div_qse:divider ; alt_u_div_qse       ; work         ;
;    |lpm_divide:Mod0|                   ; 50 (0)              ; 0 (0)                     ; 0                 ; 0          ; 0    ; 0            ; |pattern_recognizer|lpm_divide:Mod0                                                                                 ; lpm_divide          ; work         ;
;       |lpm_divide_a2m:auto_generated|  ; 50 (0)              ; 0 (0)                     ; 0                 ; 0          ; 0    ; 0            ; |pattern_recognizer|lpm_divide:Mod0|lpm_divide_a2m:auto_generated                                                   ; lpm_divide_a2m      ; work         ;
;          |sign_div_unsign_dkh:divider| ; 50 (0)              ; 0 (0)                     ; 0                 ; 0          ; 0    ; 0            ; |pattern_recognizer|lpm_divide:Mod0|lpm_divide_a2m:auto_generated|sign_div_unsign_dkh:divider                       ; sign_div_unsign_dkh ; work         ;
;             |alt_u_div_0te:divider|    ; 50 (50)             ; 0 (0)                     ; 0                 ; 0          ; 0    ; 0            ; |pattern_recognizer|lpm_divide:Mod0|lpm_divide_a2m:auto_generated|sign_div_unsign_dkh:divider|alt_u_div_0te:divider ; alt_u_div_0te       ; work         ;
;    |lpm_divide:Mod1|                   ; 5 (0)               ; 0 (0)                     ; 0                 ; 0          ; 0    ; 0            ; |pattern_recognizer|lpm_divide:Mod1                                                                                 ; lpm_divide          ; work         ;
;       |lpm_divide_42m:auto_generated|  ; 5 (0)               ; 0 (0)                     ; 0                 ; 0          ; 0    ; 0            ; |pattern_recognizer|lpm_divide:Mod1|lpm_divide_42m:auto_generated                                                   ; lpm_divide_42m      ; work         ;
;          |sign_div_unsign_7kh:divider| ; 5 (0)               ; 0 (0)                     ; 0                 ; 0          ; 0    ; 0            ; |pattern_recognizer|lpm_divide:Mod1|lpm_divide_42m:auto_generated|sign_div_unsign_7kh:divider                       ; sign_div_unsign_7kh ; work         ;
;             |alt_u_div_kse:divider|    ; 5 (5)               ; 0 (0)                     ; 0                 ; 0          ; 0    ; 0            ; |pattern_recognizer|lpm_divide:Mod1|lpm_divide_42m:auto_generated|sign_div_unsign_7kh:divider|alt_u_div_kse:divider ; alt_u_div_kse       ; work         ;
+----------------------------------------+---------------------+---------------------------+-------------------+------------+------+--------------+---------------------------------------------------------------------------------------------------------------------+---------------------+--------------+
Note: For table entries with two numbers listed, the numbers in parentheses indicate the number of resources of the given type used by the specific entity alone. The numbers listed outside of parentheses indicate the total resources of the given type used by the specific entity and all of its sub-entities in the hierarchy.


Encoding Type:  One-Hot
+------------------------------------------------------------------------------------------+
; State Machine - |pattern_recognizer|State                                                ;
+--------------+--------------+-------------+------------+-----------+----------+----------+
; Name         ; State.S11100 ; State.S1110 ; State.S111 ; State.S11 ; State.S1 ; State.S0 ;
+--------------+--------------+-------------+------------+-----------+----------+----------+
; State.S0     ; 0            ; 0           ; 0          ; 0         ; 0        ; 0        ;
; State.S1     ; 0            ; 0           ; 0          ; 0         ; 1        ; 1        ;
; State.S11    ; 0            ; 0           ; 0          ; 1         ; 0        ; 1        ;
; State.S111   ; 0            ; 0           ; 1          ; 0         ; 0        ; 1        ;
; State.S1110  ; 0            ; 1           ; 0          ; 0         ; 0        ; 1        ;
; State.S11100 ; 1            ; 0           ; 0          ; 0         ; 0        ; 1        ;
+--------------+--------------+-------------+------------+-----------+----------+----------+


+------------------------------------------------------+
; General Register Statistics                          ;
+----------------------------------------------+-------+
; Statistic                                    ; Value ;
+----------------------------------------------+-------+
; Total registers                              ; 27    ;
; Number of registers using Synchronous Clear  ; 12    ;
; Number of registers using Synchronous Load   ; 0     ;
; Number of registers using Asynchronous Clear ; 13    ;
; Number of registers using Asynchronous Load  ; 0     ;
; Number of registers using Clock Enable       ; 21    ;
; Number of registers using Preset             ; 0     ;
+----------------------------------------------+-------+


+------------------------------------------------------------------+
; Parameter Settings for Inferred Entity Instance: lpm_divide:Mod0 ;
+------------------------+----------------+------------------------+
; Parameter Name         ; Value          ; Type                   ;
+------------------------+----------------+------------------------+
; LPM_WIDTHN             ; 7              ; Untyped                ;
; LPM_WIDTHD             ; 7              ; Untyped                ;
; LPM_NREPRESENTATION    ; UNSIGNED       ; Untyped                ;
; LPM_DREPRESENTATION    ; UNSIGNED       ; Untyped                ;
; LPM_PIPELINE           ; 0              ; Untyped                ;
; LPM_REMAINDERPOSITIVE  ; TRUE           ; Untyped                ;
; MAXIMIZE_SPEED         ; 5              ; Untyped                ;
; CBXI_PARAMETER         ; lpm_divide_a2m ; Untyped                ;
; CARRY_CHAIN            ; MANUAL         ; Untyped                ;
; OPTIMIZE_FOR_SPEED     ; 5              ; Untyped                ;
; AUTO_CARRY_CHAINS      ; ON             ; AUTO_CARRY             ;
; IGNORE_CARRY_BUFFERS   ; OFF            ; IGNORE_CARRY           ;
; AUTO_CASCADE_CHAINS    ; ON             ; AUTO_CASCADE           ;
; IGNORE_CASCADE_BUFFERS ; OFF            ; IGNORE_CASCADE         ;
+------------------------+----------------+------------------------+
Note: In order to hide this table in the UI and the text report file, please set the "Show Parameter Settings in Synthesis Report" option in "Analysis and Synthesis Settings -> More Settings" to "Off".


+------------------------------------------------------------------+
; Parameter Settings for Inferred Entity Instance: lpm_divide:Div0 ;
+------------------------+----------------+------------------------+
; Parameter Name         ; Value          ; Type                   ;
+------------------------+----------------+------------------------+
; LPM_WIDTHN             ; 7              ; Untyped                ;
; LPM_WIDTHD             ; 4              ; Untyped                ;
; LPM_NREPRESENTATION    ; UNSIGNED       ; Untyped                ;
; LPM_DREPRESENTATION    ; UNSIGNED       ; Untyped                ;
; LPM_PIPELINE           ; 0              ; Untyped                ;
; LPM_REMAINDERPOSITIVE  ; TRUE           ; Untyped                ;
; MAXIMIZE_SPEED         ; 5              ; Untyped                ;
; CBXI_PARAMETER         ; lpm_divide_4am ; Untyped                ;
; CARRY_CHAIN            ; MANUAL         ; Untyped                ;
; OPTIMIZE_FOR_SPEED     ; 5              ; Untyped                ;
; AUTO_CARRY_CHAINS      ; ON             ; AUTO_CARRY             ;
; IGNORE_CARRY_BUFFERS   ; OFF            ; IGNORE_CARRY           ;
; AUTO_CASCADE_CHAINS    ; ON             ; AUTO_CASCADE           ;
; IGNORE_CASCADE_BUFFERS ; OFF            ; IGNORE_CASCADE         ;
+------------------------+----------------+------------------------+
Note: In order to hide this table in the UI and the text report file, please set the "Show Parameter Settings in Synthesis Report" option in "Analysis and Synthesis Settings -> More Settings" to "Off".


+------------------------------------------------------------------+
; Parameter Settings for Inferred Entity Instance: lpm_divide:Mod1 ;
+------------------------+----------------+------------------------+
; Parameter Name         ; Value          ; Type                   ;
+------------------------+----------------+------------------------+
; LPM_WIDTHN             ; 4              ; Untyped                ;
; LPM_WIDTHD             ; 4              ; Untyped                ;
; LPM_NREPRESENTATION    ; UNSIGNED       ; Untyped                ;
; LPM_DREPRESENTATION    ; UNSIGNED       ; Untyped                ;
; LPM_PIPELINE           ; 0              ; Untyped                ;
; LPM_REMAINDERPOSITIVE  ; TRUE           ; Untyped                ;
; MAXIMIZE_SPEED         ; 5              ; Untyped                ;
; CBXI_PARAMETER         ; lpm_divide_42m ; Untyped                ;
; CARRY_CHAIN            ; MANUAL         ; Untyped                ;
; OPTIMIZE_FOR_SPEED     ; 5              ; Untyped                ;
; AUTO_CARRY_CHAINS      ; ON             ; AUTO_CARRY             ;
; IGNORE_CARRY_BUFFERS   ; OFF            ; IGNORE_CARRY           ;
; AUTO_CASCADE_CHAINS    ; ON             ; AUTO_CASCADE           ;
; IGNORE_CASCADE_BUFFERS ; OFF            ; IGNORE_CASCADE         ;
+------------------------+----------------+------------------------+
Note: In order to hide this table in the UI and the text report file, please set the "Show Parameter Settings in Synthesis Report" option in "Analysis and Synthesis Settings -> More Settings" to "Off".


+-----------------------------------------------------+
; Post-Synthesis Netlist Statistics for Top Partition ;
+-----------------------+-----------------------------+
; Type                  ; Count                       ;
+-----------------------+-----------------------------+
; arriav_ff             ; 27                          ;
;     CLR               ; 6                           ;
;     ENA               ; 2                           ;
;     ENA CLR           ; 7                           ;
;     ENA SCLR          ; 12                          ;
; arriav_lcell_comb     ; 134                         ;
;     arith             ; 52                          ;
;         0 data inputs ; 12                          ;
;         1 data inputs ; 13                          ;
;         2 data inputs ; 4                           ;
;         3 data inputs ; 17                          ;
;         4 data inputs ; 6                           ;
;     normal            ; 67                          ;
;         2 data inputs ; 20                          ;
;         3 data inputs ; 15                          ;
;         4 data inputs ; 11                          ;
;         5 data inputs ; 13                          ;
;         6 data inputs ; 8                           ;
;     shared            ; 15                          ;
;         0 data inputs ; 3                           ;
;         1 data inputs ; 12                          ;
; boundary_port         ; 17                          ;
;                       ;                             ;
; Max LUT depth         ; 11.10                       ;
; Average LUT depth     ; 8.72                        ;
+-----------------------+-----------------------------+


+-------------------------------+
; Elapsed Time Per Partition    ;
+----------------+--------------+
; Partition Name ; Elapsed Time ;
+----------------+--------------+
; Top            ; 00:00:00     ;
+----------------+--------------+


+-------------------------------+
; Analysis & Synthesis Messages ;
+-------------------------------+
Info: *******************************************************************
Info: Running Quartus Prime Analysis & Synthesis
    Info: Version 18.1.0 Build 625 09/12/2018 SJ Lite Edition
    Info: Processing started: Wed Feb 10 10:17:18 2021
Info: Command: quartus_map --read_settings_files=on --write_settings_files=off pattern_recognizer -c pattern_recognizer
Warning (18236): Number of processors has not been specified which may cause overloading on shared machines.  Set the global assignment NUM_PARALLEL_PROCESSORS in your QSF to an appropriate value for best performance.
Info (20030): Parallel compilation is enabled and will use 6 of the 6 processors detected
Info (12021): Found 2 design units, including 0 entities, in source file seven_segment_display.vhd
    Info (12022): Found design unit 1: seven_segment_display File: D:/NAS/School/Master/Embedded Systems/Design of Digital Systems/Lab/pattern_recognizer/seven_segment_display.vhd Line: 4
    Info (12022): Found design unit 2: seven_segment_display-body File: D:/NAS/School/Master/Embedded Systems/Design of Digital Systems/Lab/pattern_recognizer/seven_segment_display.vhd Line: 10
Info (12021): Found 2 design units, including 1 entities, in source file pattern_recognizer.vhd
    Info (12022): Found design unit 1: pattern_recognizer-behaviour File: D:/NAS/School/Master/Embedded Systems/Design of Digital Systems/Lab/pattern_recognizer/pattern_recognizer.vhd Line: 16
    Info (12023): Found entity 1: pattern_recognizer File: D:/NAS/School/Master/Embedded Systems/Design of Digital Systems/Lab/pattern_recognizer/pattern_recognizer.vhd Line: 5
Info (12021): Found 2 design units, including 1 entities, in source file testset.vhd
    Info (12022): Found design unit 1: testset-set1 File: D:/NAS/School/Master/Embedded Systems/Design of Digital Systems/Lab/pattern_recognizer/testset.vhd Line: 8
    Info (12023): Found entity 1: testset File: D:/NAS/School/Master/Embedded Systems/Design of Digital Systems/Lab/pattern_recognizer/testset.vhd Line: 4
Info (12021): Found 2 design units, including 1 entities, in source file testbench.vhd
    Info (12022): Found design unit 1: testbench-behaviour File: D:/NAS/School/Master/Embedded Systems/Design of Digital Systems/Lab/pattern_recognizer/testbench.vhd Line: 8
    Info (12023): Found entity 1: testbench File: D:/NAS/School/Master/Embedded Systems/Design of Digital Systems/Lab/pattern_recognizer/testbench.vhd Line: 4
Info (12127): Elaborating entity "pattern_recognizer" for the top level hierarchy
Info (278001): Inferred 3 megafunctions from design logic
    Info (278004): Inferred divider/modulo megafunction ("lpm_divide") from the following logic: "Mod0" File: D:/NAS/School/Master/Embedded Systems/Design of Digital Systems/Lab/pattern_recognizer/pattern_recognizer.vhd Line: 87
    Info (278004): Inferred divider/modulo megafunction ("lpm_divide") from the following logic: "Div0" File: D:/NAS/School/Master/Embedded Systems/Design of Digital Systems/Lab/pattern_recognizer/pattern_recognizer.vhd Line: 88
    Info (278004): Inferred divider/modulo megafunction ("lpm_divide") from the following logic: "Mod1" File: D:/NAS/School/Master/Embedded Systems/Design of Digital Systems/Lab/pattern_recognizer/pattern_recognizer.vhd Line: 89
Info (12130): Elaborated megafunction instantiation "lpm_divide:Mod0" File: D:/NAS/School/Master/Embedded Systems/Design of Digital Systems/Lab/pattern_recognizer/pattern_recognizer.vhd Line: 87
Info (12133): Instantiated megafunction "lpm_divide:Mod0" with the following parameter: File: D:/NAS/School/Master/Embedded Systems/Design of Digital Systems/Lab/pattern_recognizer/pattern_recognizer.vhd Line: 87
    Info (12134): Parameter "LPM_WIDTHN" = "7"
    Info (12134): Parameter "LPM_WIDTHD" = "7"
    Info (12134): Parameter "LPM_NREPRESENTATION" = "UNSIGNED"
    Info (12134): Parameter "LPM_DREPRESENTATION" = "UNSIGNED"
Info (12021): Found 1 design units, including 1 entities, in source file db/lpm_divide_a2m.tdf
    Info (12023): Found entity 1: lpm_divide_a2m File: D:/NAS/School/Master/Embedded Systems/Design of Digital Systems/Lab/pattern_recognizer/db/lpm_divide_a2m.tdf Line: 24
Info (12021): Found 1 design units, including 1 entities, in source file db/sign_div_unsign_dkh.tdf
    Info (12023): Found entity 1: sign_div_unsign_dkh File: D:/NAS/School/Master/Embedded Systems/Design of Digital Systems/Lab/pattern_recognizer/db/sign_div_unsign_dkh.tdf Line: 24
Info (12021): Found 1 design units, including 1 entities, in source file db/alt_u_div_0te.tdf
    Info (12023): Found entity 1: alt_u_div_0te File: D:/NAS/School/Master/Embedded Systems/Design of Digital Systems/Lab/pattern_recognizer/db/alt_u_div_0te.tdf Line: 22
Info (12130): Elaborated megafunction instantiation "lpm_divide:Div0" File: D:/NAS/School/Master/Embedded Systems/Design of Digital Systems/Lab/pattern_recognizer/pattern_recognizer.vhd Line: 88
Info (12133): Instantiated megafunction "lpm_divide:Div0" with the following parameter: File: D:/NAS/School/Master/Embedded Systems/Design of Digital Systems/Lab/pattern_recognizer/pattern_recognizer.vhd Line: 88
    Info (12134): Parameter "LPM_WIDTHN" = "7"
    Info (12134): Parameter "LPM_WIDTHD" = "4"
    Info (12134): Parameter "LPM_NREPRESENTATION" = "UNSIGNED"
    Info (12134): Parameter "LPM_DREPRESENTATION" = "UNSIGNED"
Info (12021): Found 1 design units, including 1 entities, in source file db/lpm_divide_4am.tdf
    Info (12023): Found entity 1: lpm_divide_4am File: D:/NAS/School/Master/Embedded Systems/Design of Digital Systems/Lab/pattern_recognizer/db/lpm_divide_4am.tdf Line: 24
Info (12021): Found 1 design units, including 1 entities, in source file db/sign_div_unsign_akh.tdf
    Info (12023): Found entity 1: sign_div_unsign_akh File: D:/NAS/School/Master/Embedded Systems/Design of Digital Systems/Lab/pattern_recognizer/db/sign_div_unsign_akh.tdf Line: 24
Info (12021): Found 1 design units, including 1 entities, in source file db/alt_u_div_qse.tdf
    Info (12023): Found entity 1: alt_u_div_qse File: D:/NAS/School/Master/Embedded Systems/Design of Digital Systems/Lab/pattern_recognizer/db/alt_u_div_qse.tdf Line: 22
Info (12130): Elaborated megafunction instantiation "lpm_divide:Mod1" File: D:/NAS/School/Master/Embedded Systems/Design of Digital Systems/Lab/pattern_recognizer/pattern_recognizer.vhd Line: 89
Info (12133): Instantiated megafunction "lpm_divide:Mod1" with the following parameter: File: D:/NAS/School/Master/Embedded Systems/Design of Digital Systems/Lab/pattern_recognizer/pattern_recognizer.vhd Line: 89
    Info (12134): Parameter "LPM_WIDTHN" = "4"
    Info (12134): Parameter "LPM_WIDTHD" = "4"
    Info (12134): Parameter "LPM_NREPRESENTATION" = "UNSIGNED"
    Info (12134): Parameter "LPM_DREPRESENTATION" = "UNSIGNED"
Info (12021): Found 1 design units, including 1 entities, in source file db/lpm_divide_42m.tdf
    Info (12023): Found entity 1: lpm_divide_42m File: D:/NAS/School/Master/Embedded Systems/Design of Digital Systems/Lab/pattern_recognizer/db/lpm_divide_42m.tdf Line: 24
Info (12021): Found 1 design units, including 1 entities, in source file db/sign_div_unsign_7kh.tdf
    Info (12023): Found entity 1: sign_div_unsign_7kh File: D:/NAS/School/Master/Embedded Systems/Design of Digital Systems/Lab/pattern_recognizer/db/sign_div_unsign_7kh.tdf Line: 24
Info (12021): Found 1 design units, including 1 entities, in source file db/alt_u_div_kse.tdf
    Info (12023): Found entity 1: alt_u_div_kse File: D:/NAS/School/Master/Embedded Systems/Design of Digital Systems/Lab/pattern_recognizer/db/alt_u_div_kse.tdf Line: 22
Info (286030): Timing-Driven Synthesis is running
Info (16010): Generating hard_block partition "hard_block:auto_generated_inst"
    Info (16011): Adding 0 node(s), including 0 DDIO, 0 PLL, 0 transceiver and 0 LCELL
Info (21057): Implemented 158 device resources after synthesis - the final resource count might be different
    Info (21058): Implemented 3 input pins
    Info (21059): Implemented 14 output pins
    Info (21061): Implemented 141 logic cells
Info: Quartus Prime Analysis & Synthesis was successful. 0 errors, 1 warning
    Info: Peak virtual memory: 4872 megabytes
    Info: Processing ended: Wed Feb 10 10:17:29 2021
    Info: Elapsed time: 00:00:11
    Info: Total CPU time (on all processors): 00:00:21


